# JRE version: OpenJDK Runtime Environment Temurin-11.0.20+8 (11.0.20+8) (build 11.0.20+8)
# Java VM: OpenJDK 64-Bit Server VM Temurin-11.0.20+8 (11.0.20+8, mixed mode, tiered, compressed oops, g1 gc, windows-amd64)
Heap:
 garbage-first heap   total 258048K, used 89014K [0x0000000704800000, 0x0000000800000000)
  region size 1024K, 79 young (80896K), 13 survivors (13312K)
 Metaspace       used 57581K, capacity 59598K, committed 59696K, reserved 1101824K
  class space    used 6651K, capacity 7472K, committed 7552K, reserved 1048576K
GC Heap History (14 events):
Event: 2.980 GC heap before
{Heap before GC invocations=0 (full 0):
 garbage-first heap   total 258048K, used 24576K [0x0000000704800000, 0x0000000800000000)
  region size 1024K, 24 young (24576K), 0 survivors (0K)
 Metaspace       used 12759K, capacity 13061K, committed 13184K, reserved 1060864K
  class space    used 1193K, capacity 1294K, committed 1408K, reserved 1048576K
}
Event: 2.984 GC heap after
{Heap after GC invocations=1 (full 0):
 garbage-first heap   total 258048K, used 5415K [0x0000000704800000, 0x0000000800000000)
  region size 1024K, 3 young (3072K), 3 survivors (3072K)
 Metaspace       used 12759K, capacity 13061K, committed 13184K, reserved 1060864K
  class space    used 1193K, capacity 1294K, committed 1408K, reserved 1048576K
}
Event: 3.434 GC heap before
{Heap before GC invocations=1 (full 0):
 garbage-first heap   total 258048K, used 23847K [0x0000000704800000, 0x0000000800000000)
  region size 1024K, 21 young (21504K), 3 survivors (3072K)
 Metaspace       used 17082K, capacity 17507K, committed 17536K, reserved 1064960K
  class space    used 1745K, capacity 1918K, committed 1920K, reserved 1048576K
}
Event: 3.437 GC heap after
{Heap after GC invocations=2 (full 0):
 garbage-first heap   total 258048K, used 6830K [0x0000000704800000, 0x0000000800000000)
  region size 1024K, 2 young (2048K), 2 survivors (2048K)
 Metaspace       used 17082K, capacity 17507K, committed 17536K, reserved 1064960K
  class space    used 1745K, capacity 1918K, committed 1920K, reserved 1048576K
}
Event: 3.640 GC heap before
{Heap before GC invocations=2 (full 0):
 garbage-first heap   total 258048K, used 25262K [0x0000000704800000, 0x0000000800000000)
  region size 1024K, 21 young (21504K), 2 survivors (2048K)
 Metaspace       used 20696K, capacity 21190K, committed 21296K, reserved 1069056K
  class space    used 2191K, capacity 2382K, committed 2432K, reserved 1048576K
}
Event: 3.643 GC heap after
{Heap after GC invocations=3 (full 0):
 garbage-first heap   total 258048K, used 7399K [0x0000000704800000, 0x0000000800000000)
  region size 1024K, 2 young (2048K), 2 survivors (2048K)
 Metaspace       used 20696K, capacity 21190K, committed 21296K, reserved 1069056K
  class space    used 2191K, capacity 2382K, committed 2432K, reserved 1048576K
}
Event: 5.480 GC heap before
{Heap before GC invocations=4 (full 0):
 garbage-first heap   total 258048K, used 85223K [0x0000000704800000, 0x0000000800000000)
  region size 1024K, 78 young (79872K), 2 survivors (2048K)
 Metaspace       used 28349K, capacity 29030K, committed 29232K, reserved 1075200K
  class space    used 3144K, capacity 3434K, committed 3456K, reserved 1048576K
}
Event: 5.486 GC heap after
{Heap after GC invocations=5 (full 0):
 garbage-first heap   total 258048K, used 10312K [0x0000000704800000, 0x0000000800000000)
  region size 1024K, 5 young (5120K), 5 survivors (5120K)
 Metaspace       used 28349K, capacity 29030K, committed 29232K, reserved 1075200K
  class space    used 3144K, capacity 3434K, committed 3456K, reserved 1048576K
}
Event: 6.304 GC heap before
{Heap before GC invocations=5 (full 0):
 garbage-first heap   total 258048K, used 48200K [0x0000000704800000, 0x0000000800000000)
  region size 1024K, 43 young (44032K), 5 survivors (5120K)
 Metaspace       used 34807K, capacity 35733K, committed 35888K, reserved 1081344K
  class space    used 3980K, capacity 4362K, committed 4480K, reserved 1048576K
}
Event: 6.311 GC heap after
{Heap after GC invocations=6 (full 0):
 garbage-first heap   total 258048K, used 12755K [0x0000000704800000, 0x0000000800000000)
  region size 1024K, 8 young (8192K), 8 survivors (8192K)
 Metaspace       used 34807K, capacity 35733K, committed 35888K, reserved 1081344K
  class space    used 3980K, capacity 4362K, committed 4480K, reserved 1048576K
}
Event: 8.341 GC heap before
{Heap before GC invocations=7 (full 0):
 garbage-first heap   total 258048K, used 122323K [0x0000000704800000, 0x0000000800000000)
  region size 1024K, 115 young (117760K), 8 survivors (8192K)
 Metaspace       used 47525K, capacity 48899K, committed 49072K, reserved 1091584K
  class space    used 5528K, capacity 6050K, committed 6144K, reserved 1048576K
}
Event: 8.351 GC heap after
{Heap after GC invocations=8 (full 0):
 garbage-first heap   total 258048K, used 18770K [0x0000000704800000, 0x0000000800000000)
  region size 1024K, 13 young (13312K), 13 survivors (13312K)
 Metaspace       used 47525K, capacity 48899K, committed 49072K, reserved 1091584K
  class space    used 5528K, capacity 6050K, committed 6144K, reserved 1048576K
}
Event: 319.735 GC heap before
{Heap before GC invocations=8 (full 0):
 garbage-first heap   total 258048K, used 192850K [0x0000000704800000, 0x0000000800000000)
  region size 1024K, 151 young (154624K), 13 survivors (13312K)
 Metaspace       used 57525K, capacity 59530K, committed 59696K, reserved 1101824K
  class space    used 6647K, capacity 7471K, committed 7552K, reserved 1048576K
}
Event: 319.820 GC heap after
{Heap after GC invocations=9 (full 0):
 garbage-first heap   total 258048K, used 22454K [0x0000000704800000, 0x0000000800000000)
  region size 1024K, 13 young (13312K), 13 survivors (13312K)
 Metaspace       used 57525K, capacity 59530K, committed 59696K, reserved 1101824K
  class space    used 6647K, capacity 7471K, committed 7552K, reserved 1048576K
}

